 #         z     rescaling_fact
           1   1.00000000    
           2   1.00000000    
           3   1.00000000    
           4   1.00000000    
           5   1.00000000    
           6   1.00000000    
           7   1.00000000    
           8   1.00000000    
           9   1.00000000    
          10   1.00000000    
          11   1.00000000    
          12   1.00000000    
          13   1.00000000    
          14   1.00000000    
          15   1.00000000    
          16   1.00000000    
          17   1.00000000    
          18   1.00000000    
          19   1.00000000    
          20   1.00000000    
          21   1.00000000    
          22   1.00000000    
          23   1.00000000    
          24   1.00000000    
          25   1.00000000    
          26   1.00000000    
          27   1.00000000    
          28   1.00000000    
          29   1.00000000    
          30   1.00000000    
          31   1.00000000    
          32   1.00000000    
          33   1.00000000    
          34   1.00000000    
          35   1.00000000    
          36   1.00000000    
          37   1.00000000    
          38   1.00000000    
          39   1.00000000    
          40   1.00000000    
          41   1.00000000    
          42   1.00000000    
          43   1.00000000    
          44   1.00000000    
          45  0.917214215    
          46  0.917214215    
          47  0.946085393    
          48  0.923876464    
          49  0.923876464    
          50  0.923876464    
          51  0.949416518    
          52  0.923876464    
          53  0.923876464    
          54  0.920545340    
          55  0.920545340    
          56  0.923876464    
          57  0.923876464    
          58  0.915773273    
          59  0.907670081    
          60  0.907670081    
          61  0.907670081    
          62  0.907161593    
          63  0.906653047    
          64  0.906653047    
          65   1.00000000    
          66   1.00000000    
          67   1.00000000    
          68   1.00000000    
          69   1.00000000    
          70   1.00000000    
          71   1.00000000    
          72   1.00000000    
          73   1.00000000    
          74   1.00000000    
          75   1.00000000    
          76   1.00000000    
          77   1.00000000    
          78   1.00000000    
          79   1.00000000    
          80   1.00000000    
          81   1.00000000    
          82   1.00000000    
          83   1.00000000    
          84   1.00000000    
          85   1.00000000    
          86   1.00000000    
          87   1.00000000    
          88   1.00000000    
          89   1.00000000    
          90   1.00000000    
          91   1.00000000    
          92   1.00000000    
          93   1.00000000    
          94   1.00000000    
